This is LuaTeX, Version 1.07.0 (TeX Live 2018/MacPorts 2018.47642_7)  (format=lualatex 2018.10.21)  21 OCT 2018 18:33
 restricted system commands enabled.
**x
(/opt/local/share/texmf-texlive/tex/latex/tools/x.tex
LaTeX2e <2018-04-01> patch level 2
Lua module: luaotfload-main 2017/01/29 2.80001 OpenType layout system.
Lua module: lualibs 2017-02-01 2.5 ConTeXt Lua standard libraries.
Lua module: lualibs-extended 2017-02-01 2.5 ConTeXt Lua libraries -- extended co
llection.(using write cache: /Users/jordivilla/.texlive2018/texmf-var/luatex-cac
he/generic)(using read cache: /opt/local/var/db/texmf/luatex-cache/generic /User
s/jordivilla/.texlive2018/texmf-var/luatex-cache/generic)
luaotfload | conf : Root cache directory is /Users/jordivilla/.texlive2018/texmf
-var/luatex-cache/generic/names.
luaotfload | init : Loading fontloader “fontloader-2017-02-11.lua” from kpse
-resolved path “/opt/local/share/texmf-texlive/tex/luatex/luaotfload/fontloade
r-2017-02-11.lua”.
Lua-only attribute luaotfload@state = 1
Lua-only attribute luaotfload@noligature = 2
Lua-only attribute luaotfload@syllabe = 3
luaotfload | init : Context OpenType loader version “3.027”
Inserting `luaotfload.node_processor' at position 1 in `pre_linebreak_filter'.
Inserting `luaotfload.node_processor' at position 1 in `hpack_filter'.
Inserting `luaotfload.define_font' at position 1 in `define_font'.
Lua-only attribute luaotfload_color_attribute = 4
luaotfload | conf : Root cache directory is /Users/jordivilla/.texlive2018/texmf
-var/luatex-cache/generic/names.
Inserting `luaotfload.aux.set_sscale_dimens' at position 1 in `luaotfload.patch_
font'.
Inserting `luaotfload.aux.patch_cambria_domh' at position 2 in `luaotfload.patch
_font'.
Inserting `luaotfload.aux.fixup_fontdata' at position 1 in `luaotfload.patch_fon
t_unsafe'.
Inserting `luaotfload.aux.set_capheight' at position 3 in `luaotfload.patch_font
'.
Inserting `luaotfload.rewrite_fontname' at position 4 in `luaotfload.patch_font'
.
luaotfload | main : initialization completed in 0.229 seconds
Babel <3.18> and hyphenation patterns for 1 language(s) loaded.

! .
l.38   \batchmode \errmessage{}
                             \csname @@end\endcsname \end
This error message was generated by an \errmessage
command, so I can't give any explicit help.
Pretend that you're Hercule Poirot: Examine all clues,
and deduce the truth by order and method.

)

Here is how much of LuaTeX's memory you used:
 7 strings out of 494413
 100000,89155 words of node,token memory allocated
 241 words of node memory still in use:
   35 glue_spec nodes
   avail lists: 2:12,3:1,4:1,5:1
 4301 multiletter control sequences out of 65536+600000
 14 fonts using 591559 bytes
 5i,0n,1p,80b,15s stack positions out of 5000i,500n,10000p,200000b,100000s

warning  (pdf backend): no pages of output.

PDF statistics: 0 PDF objects out of 1000 (max. 8388607)
 0 named destinations out of 1000 (max. 131072)
 1 words of extra memory for PDF output out of 10000 (max. 100000000)

